{"meta": {"format": 3, "version": "7.13.5", "timestamp": "2026-04-18T23:57:48.841652", "branch_coverage": false, "show_contexts": false}, "files": {"app/__init__.py": {"executed_lines": [1, 2, 3, 6, 7, 10, 11, 14, 15, 18, 19, 23, 25, 26, 29, 30, 31, 32, 33, 34, 35, 36, 38, 39, 42], "summary": {"covered_lines": 25, "num_statements": 28, "percent_covered": 89.28571428571429, "percent_covered_display": "89", "missing_lines": 3, "excluded_lines": 0, "percent_statements_covered": 89.28571428571429, "percent_statements_covered_display": "89"}, "missing_lines": [20, 21, 40], "excluded_lines": [], "functions": {"create_app": {"executed_lines": [7, 10, 11, 14, 15, 18, 19, 23, 25, 26, 29, 30, 31, 32, 33, 34, 35, 36, 38, 39, 42], "summary": {"covered_lines": 21, "num_statements": 23, "percent_covered": 91.30434782608695, "percent_covered_display": "91", "missing_lines": 2, "excluded_lines": 0, "percent_statements_covered": 91.30434782608695, "percent_statements_covered_display": "91"}, "missing_lines": [20, 21], "excluded_lines": [], "start_line": 6}, "create_app.index": {"executed_lines": [], "summary": {"covered_lines": 0, "num_statements": 1, "percent_covered": 0.0, "percent_covered_display": "0", "missing_lines": 1, "excluded_lines": 0, "percent_statements_covered": 0.0, "percent_statements_covered_display": "0"}, "missing_lines": [40], "excluded_lines": [], "start_line": 39}, "": {"executed_lines": [1, 2, 3, 6], "summary": {"covered_lines": 4, "num_statements": 4, "percent_covered": 100.0, "percent_covered_display": "100", "missing_lines": 0, "excluded_lines": 0, "percent_statements_covered": 100.0, "percent_statements_covered_display": "100"}, "missing_lines": [], "excluded_lines": [], "start_line": 1}}, "classes": {"": {"executed_lines": [1, 2, 3, 6, 7, 10, 11, 14, 15, 18, 19, 23, 25, 26, 29, 30, 31, 32, 33, 34, 35, 36, 38, 39, 42], "summary": {"covered_lines": 25, "num_statements": 28, "percent_covered": 89.28571428571429, "percent_covered_display": "89", "missing_lines": 3, "excluded_lines": 0, "percent_statements_covered": 89.28571428571429, "percent_statements_covered_display": "89"}, "missing_lines": [20, 21, 40], "excluded_lines": [], "start_line": 1}}}, "app/db.py": {"executed_lines": [1, 2, 5, 6, 7, 11, 12, 15, 16, 17, 18, 21, 22, 24, 55, 58, 59], "summary": {"covered_lines": 17, "num_statements": 17, "percent_covered": 100.0, "percent_covered_display": "100", "missing_lines": 0, "excluded_lines": 0, "percent_statements_covered": 100.0, "percent_statements_covered_display": "100"}, "missing_lines": [], "excluded_lines": [], "functions": {"get_db": {"executed_lines": [6, 7, 11, 12], "summary": {"covered_lines": 4, "num_statements": 4, "percent_covered": 100.0, "percent_covered_display": "100", "missing_lines": 0, "excluded_lines": 0, "percent_statements_covered": 100.0, "percent_statements_covered_display": "100"}, "missing_lines": [], "excluded_lines": [], "start_line": 5}, "close_db": {"executed_lines": [16, 17, 18], "summary": {"covered_lines": 3, "num_statements": 3, "percent_covered": 100.0, "percent_covered_display": "100", "missing_lines": 0, "excluded_lines": 0, "percent_statements_covered": 100.0, "percent_statements_covered_display": "100"}, "missing_lines": [], "excluded_lines": [], "start_line": 15}, "init_db": {"executed_lines": [22, 24, 55], "summary": {"covered_lines": 3, "num_statements": 3, "percent_covered": 100.0, "percent_covered_display": "100", "missing_lines": 0, "excluded_lines": 0, "percent_statements_covered": 100.0, "percent_statements_covered_display": "100"}, "missing_lines": [], "excluded_lines": [], "start_line": 21}, "init_app": {"executed_lines": [59], "summary": {"covered_lines": 1, "num_statements": 1, "percent_covered": 100.0, "percent_covered_display": "100", "missing_lines": 0, "excluded_lines": 0, "percent_statements_covered": 100.0, "percent_statements_covered_display": "100"}, "missing_lines": [], "excluded_lines": [], "start_line": 58}, "": {"executed_lines": [1, 2, 5, 15, 21, 58], "summary": {"covered_lines": 6, "num_statements": 6, "percent_covered": 100.0, "percent_covered_display": "100", "missing_lines": 0, "excluded_lines": 0, "percent_statements_covered": 100.0, "percent_statements_covered_display": "100"}, "missing_lines": [], "excluded_lines": [], "start_line": 1}}, "classes": {"": {"executed_lines": [1, 2, 5, 6, 7, 11, 12, 15, 16, 17, 18, 21, 22, 24, 55, 58, 59], "summary": {"covered_lines": 17, "num_statements": 17, "percent_covered": 100.0, "percent_covered_display": "100", "missing_lines": 0, "excluded_lines": 0, "percent_statements_covered": 100.0, "percent_statements_covered_display": "100"}, "missing_lines": [], "excluded_lines": [], "start_line": 1}}}, "app/routes/__init__.py": {"executed_lines": [], "summary": {"covered_lines": 0, "num_statements": 0, "percent_covered": 100.0, "percent_covered_display": "100", "missing_lines": 0, "excluded_lines": 0, "percent_statements_covered": 100.0, "percent_statements_covered_display": "100"}, "missing_lines": [], "excluded_lines": [], "functions": {"": {"executed_lines": [], "summary": {"covered_lines": 0, "num_statements": 0, "percent_covered": 100.0, "percent_covered_display": "100", "missing_lines": 0, "excluded_lines": 0, "percent_statements_covered": 100.0, "percent_statements_covered_display": "100"}, "missing_lines": [], "excluded_lines": [], "start_line": 1}}, "classes": {"": {"executed_lines": [], "summary": {"covered_lines": 0, "num_statements": 0, "percent_covered": 100.0, "percent_covered_display": "100", "missing_lines": 0, "excluded_lines": 0, "percent_statements_covered": 100.0, "percent_statements_covered_display": "100"}, "missing_lines": [], "excluded_lines": [], "start_line": 1}}}, "app/routes/bugs.py": {"executed_lines": [1, 2, 4, 7, 14, 15, 18, 19, 20, 21, 27, 30, 31, 32, 33, 34, 35, 40, 41, 42, 43, 44, 45, 48, 49, 50, 51, 52, 54, 55, 56, 57, 63, 67, 68, 73, 79, 83, 84, 85, 93, 94, 95, 96, 103, 107, 108, 114, 115, 116, 117, 118, 122, 126, 127, 128, 132, 134, 137, 138, 139, 142, 143, 192, 193], "summary": {"covered_lines": 65, "num_statements": 107, "percent_covered": 60.74766355140187, "percent_covered_display": "61", "missing_lines": 42, "excluded_lines": 0, "percent_statements_covered": 60.74766355140187, "percent_statements_covered_display": "61"}, "missing_lines": [36, 87, 104, 105, 123, 124, 144, 145, 147, 148, 149, 151, 152, 153, 154, 155, 156, 159, 160, 161, 162, 163, 165, 166, 167, 168, 169, 175, 180, 181, 182, 185, 186, 194, 195, 197, 198, 199, 201, 202, 203, 204], "excluded_lines": [], "functions": {"list_bugs": {"executed_lines": [20, 21, 27], "summary": {"covered_lines": 3, "num_statements": 3, "percent_covered": 100.0, "percent_covered_display": "100", "missing_lines": 0, "excluded_lines": 0, "percent_statements_covered": 100.0, "percent_statements_covered_display": "100"}, "missing_lines": [], "excluded_lines": [], "start_line": 19}, "create_bug": {"executed_lines": [32, 33, 34, 35, 40, 41, 42, 43, 44, 45, 48, 49, 50, 51, 52, 54, 55, 56, 57, 63, 67, 68, 73, 79, 83, 84, 85], "summary": {"covered_lines": 27, "num_statements": 29, "percent_covered": 93.10344827586206, "percent_covered_display": "93", "missing_lines": 2, "excluded_lines": 0, "percent_statements_covered": 93.10344827586206, "percent_statements_covered_display": "93"}, "missing_lines": [36, 87], "excluded_lines": [], "start_line": 31}, "view_bug": {"executed_lines": [95, 96, 103, 107, 108], "summary": {"covered_lines": 5, "num_statements": 7, "percent_covered": 71.42857142857143, "percent_covered_display": "71", "missing_lines": 2, "excluded_lines": 0, "percent_statements_covered": 71.42857142857143, "percent_statements_covered_display": "71"}, "missing_lines": [104, 105], "excluded_lines": [], "start_line": 94}, "update_status": {"executed_lines": [116, 117, 118, 122, 126, 127, 128, 132, 134, 137, 138, 139], "summary": {"covered_lines": 12, "num_statements": 14, "percent_covered": 85.71428571428571, "percent_covered_display": "86", "missing_lines": 2, "excluded_lines": 0, "percent_statements_covered": 85.71428571428571, "percent_statements_covered_display": "86"}, "missing_lines": [123, 124], "excluded_lines": [], "start_line": 115}, "edit_bug": {"executed_lines": [], "summary": {"covered_lines": 0, "num_statements": 27, "percent_covered": 0.0, "percent_covered_display": "0", "missing_lines": 27, "excluded_lines": 0, "percent_statements_covered": 0.0, "percent_statements_covered_display": "0"}, "missing_lines": [144, 145, 147, 148, 149, 151, 152, 153, 154, 155, 156, 159, 160, 161, 162, 163, 165, 166, 167, 168, 169, 175, 180, 181, 182, 185, 186], "excluded_lines": [], "start_line": 143}, "delete_bug": {"executed_lines": [], "summary": {"covered_lines": 0, "num_statements": 9, "percent_covered": 0.0, "percent_covered_display": "0", "missing_lines": 9, "excluded_lines": 0, "percent_statements_covered": 0.0, "percent_statements_covered_display": "0"}, "missing_lines": [194, 195, 197, 198, 199, 201, 202, 203, 204], "excluded_lines": [], "start_line": 193}, "": {"executed_lines": [1, 2, 4, 7, 14, 15, 18, 19, 30, 31, 93, 94, 114, 115, 142, 143, 192, 193], "summary": {"covered_lines": 18, "num_statements": 18, "percent_covered": 100.0, "percent_covered_display": "100", "missing_lines": 0, "excluded_lines": 0, "percent_statements_covered": 100.0, "percent_statements_covered_display": "100"}, "missing_lines": [], "excluded_lines": [], "start_line": 1}}, "classes": {"": {"executed_lines": [1, 2, 4, 7, 14, 15, 18, 19, 20, 21, 27, 30, 31, 32, 33, 34, 35, 40, 41, 42, 43, 44, 45, 48, 49, 50, 51, 52, 54, 55, 56, 57, 63, 67, 68, 73, 79, 83, 84, 85, 93, 94, 95, 96, 103, 107, 108, 114, 115, 116, 117, 118, 122, 126, 127, 128, 132, 134, 137, 138, 139, 142, 143, 192, 193], "summary": {"covered_lines": 65, "num_statements": 107, "percent_covered": 60.74766355140187, "percent_covered_display": "61", "missing_lines": 42, "excluded_lines": 0, "percent_statements_covered": 60.74766355140187, "percent_statements_covered_display": "61"}, "missing_lines": [36, 87, 104, 105, 123, 124, 144, 145, 147, 148, 149, 151, 152, 153, 154, 155, 156, 159, 160, 161, 162, 163, 165, 166, 167, 168, 169, 175, 180, 181, 182, 185, 186, 194, 195, 197, 198, 199, 201, 202, 203, 204], "excluded_lines": [], "start_line": 1}}}, "app/routes/executions.py": {"executed_lines": [1, 2, 4, 7, 8, 9, 10, 16, 19, 20, 21, 22, 26, 27, 28, 29, 31, 32, 33, 34, 35, 37, 38, 39, 40, 42, 46, 47, 48, 53, 54, 55, 56, 63, 67], "summary": {"covered_lines": 35, "num_statements": 38, "percent_covered": 92.10526315789474, "percent_covered_display": "92", "missing_lines": 3, "excluded_lines": 0, "percent_statements_covered": 92.10526315789474, "percent_statements_covered_display": "92"}, "missing_lines": [50, 64, 65], "excluded_lines": [], "functions": {"list_executions": {"executed_lines": [9, 10, 16], "summary": {"covered_lines": 3, "num_statements": 3, "percent_covered": 100.0, "percent_covered_display": "100", "missing_lines": 0, "excluded_lines": 0, "percent_statements_covered": 100.0, "percent_statements_covered_display": "100"}, "missing_lines": [], "excluded_lines": [], "start_line": 8}, "run_execution": {"executed_lines": [21, 22, 26, 27, 28, 29, 31, 32, 33, 34, 35, 37, 38, 39, 40, 42, 46, 47, 48], "summary": {"covered_lines": 19, "num_statements": 20, "percent_covered": 95.0, "percent_covered_display": "95", "missing_lines": 1, "excluded_lines": 0, "percent_statements_covered": 95.0, "percent_statements_covered_display": "95"}, "missing_lines": [50], "excluded_lines": [], "start_line": 20}, "view_execution": {"executed_lines": [55, 56, 63, 67], "summary": {"covered_lines": 4, "num_statements": 6, "percent_covered": 66.66666666666667, "percent_covered_display": "67", "missing_lines": 2, "excluded_lines": 0, "percent_statements_covered": 66.66666666666667, "percent_statements_covered_display": "67"}, "missing_lines": [64, 65], "excluded_lines": [], "start_line": 54}, "": {"executed_lines": [1, 2, 4, 7, 8, 19, 20, 53, 54], "summary": {"covered_lines": 9, "num_statements": 9, "percent_covered": 100.0, "percent_covered_display": "100", "missing_lines": 0, "excluded_lines": 0, "percent_statements_covered": 100.0, "percent_statements_covered_display": "100"}, "missing_lines": [], "excluded_lines": [], "start_line": 1}}, "classes": {"": {"executed_lines": [1, 2, 4, 7, 8, 9, 10, 16, 19, 20, 21, 22, 26, 27, 28, 29, 31, 32, 33, 34, 35, 37, 38, 39, 40, 42, 46, 47, 48, 53, 54, 55, 56, 63, 67], "summary": {"covered_lines": 35, "num_statements": 38, "percent_covered": 92.10526315789474, "percent_covered_display": "92", "missing_lines": 3, "excluded_lines": 0, "percent_statements_covered": 92.10526315789474, "percent_statements_covered_display": "92"}, "missing_lines": [50, 64, 65], "excluded_lines": [], "start_line": 1}}}, "app/routes/reports.py": {"executed_lines": [1, 2, 3, 4, 5, 6, 7, 9, 12, 18, 19, 23, 26, 27, 28, 30, 31, 32, 34, 35, 36, 37, 39, 40, 41, 42, 44, 45, 47, 54, 58, 64, 71, 72, 73, 75, 78, 79, 80, 81, 85, 90, 91, 93, 94, 95, 96, 98, 99, 100, 101, 102, 103, 104, 105, 107, 110, 111, 114, 115, 116, 117, 118, 119, 120, 121, 122, 123, 125, 143, 144, 145, 148, 152, 156, 160, 164, 168, 174, 178, 182, 186, 191, 192, 194], "summary": {"covered_lines": 85, "num_statements": 93, "percent_covered": 91.39784946236558, "percent_covered_display": "91", "missing_lines": 8, "excluded_lines": 0, "percent_statements_covered": 91.39784946236558, "percent_statements_covered_display": "91"}, "missing_lines": [24, 60, 61, 76, 106, 108, 133, 134], "excluded_lines": [], "functions": {"load_coverage_data": {"executed_lines": [18, 19, 23, 26, 27, 28, 30, 31, 32, 34, 35, 36, 37, 39, 40, 41, 42, 44, 45, 47, 54, 58], "summary": {"covered_lines": 22, "num_statements": 25, "percent_covered": 88.0, "percent_covered_display": "88", "missing_lines": 3, "excluded_lines": 0, "percent_statements_covered": 88.0, "percent_statements_covered_display": "88"}, "missing_lines": [24, 60, 61], "excluded_lines": [], "start_line": 12}, "load_mutation_data": {"executed_lines": [71, 72, 73, 75, 78, 79, 80, 81, 85, 90, 91, 93, 94, 95, 96, 98, 99, 100, 101, 102, 103, 104, 105, 107, 110, 111, 114, 115, 116, 117, 118, 119, 120, 121, 122, 123, 125], "summary": {"covered_lines": 37, "num_statements": 42, "percent_covered": 88.0952380952381, "percent_covered_display": "88", "missing_lines": 5, "excluded_lines": 0, "percent_statements_covered": 88.0952380952381, "percent_statements_covered_display": "88"}, "missing_lines": [76, 106, 108, 133, 134], "excluded_lines": [], "start_line": 64}, "dashboard": {"executed_lines": [145, 148, 152, 156, 160, 164, 168, 174, 178, 182, 186, 191, 192, 194], "summary": {"covered_lines": 14, "num_statements": 14, "percent_covered": 100.0, "percent_covered_display": "100", "missing_lines": 0, "excluded_lines": 0, "percent_statements_covered": 100.0, "percent_statements_covered_display": "100"}, "missing_lines": [], "excluded_lines": [], "start_line": 144}, "": {"executed_lines": [1, 2, 3, 4, 5, 6, 7, 9, 12, 64, 143, 144], "summary": {"covered_lines": 12, "num_statements": 12, "percent_covered": 100.0, "percent_covered_display": "100", "missing_lines": 0, "excluded_lines": 0, "percent_statements_covered": 100.0, "percent_statements_covered_display": "100"}, "missing_lines": [], "excluded_lines": [], "start_line": 1}}, "classes": {"": {"executed_lines": [1, 2, 3, 4, 5, 6, 7, 9, 12, 18, 19, 23, 26, 27, 28, 30, 31, 32, 34, 35, 36, 37, 39, 40, 41, 42, 44, 45, 47, 54, 58, 64, 71, 72, 73, 75, 78, 79, 80, 81, 85, 90, 91, 93, 94, 95, 96, 98, 99, 100, 101, 102, 103, 104, 105, 107, 110, 111, 114, 115, 116, 117, 118, 119, 120, 121, 122, 123, 125, 143, 144, 145, 148, 152, 156, 160, 164, 168, 174, 178, 182, 186, 191, 192, 194], "summary": {"covered_lines": 85, "num_statements": 93, "percent_covered": 91.39784946236558, "percent_covered_display": "91", "missing_lines": 8, "excluded_lines": 0, "percent_statements_covered": 91.39784946236558, "percent_statements_covered_display": "91"}, "missing_lines": [24, 60, 61, 76, 106, 108, 133, 134], "excluded_lines": [], "start_line": 1}}}, "app/routes/test_cases.py": {"executed_lines": [1, 2, 4, 7, 8, 9, 10, 13, 16, 17, 18, 19, 20, 21, 23, 24, 26, 29, 34, 35, 39, 40, 41, 46, 47], "summary": {"covered_lines": 25, "num_statements": 39, "percent_covered": 64.1025641025641, "percent_covered_display": "64", "missing_lines": 14, "excluded_lines": 0, "percent_statements_covered": 64.1025641025641, "percent_statements_covered_display": "64"}, "missing_lines": [25, 27, 30, 31, 32, 43, 48, 51, 55, 56, 57, 60, 66, 72], "excluded_lines": [], "functions": {"list_test_cases": {"executed_lines": [9, 10, 13], "summary": {"covered_lines": 3, "num_statements": 3, "percent_covered": 100.0, "percent_covered_display": "100", "missing_lines": 0, "excluded_lines": 0, "percent_statements_covered": 100.0, "percent_statements_covered_display": "100"}, "missing_lines": [], "excluded_lines": [], "start_line": 8}, "create_test_case": {"executed_lines": [18, 19, 20, 21, 23, 24, 26, 29, 34, 35, 39, 40, 41], "summary": {"covered_lines": 13, "num_statements": 19, "percent_covered": 68.42105263157895, "percent_covered_display": "68", "missing_lines": 6, "excluded_lines": 0, "percent_statements_covered": 68.42105263157895, "percent_statements_covered_display": "68"}, "missing_lines": [25, 27, 30, 31, 32, 43], "excluded_lines": [], "start_line": 17}, "view_test_case": {"executed_lines": [], "summary": {"covered_lines": 0, "num_statements": 8, "percent_covered": 0.0, "percent_covered_display": "0", "missing_lines": 8, "excluded_lines": 0, "percent_statements_covered": 0.0, "percent_statements_covered_display": "0"}, "missing_lines": [48, 51, 55, 56, 57, 60, 66, 72], "excluded_lines": [], "start_line": 47}, "": {"executed_lines": [1, 2, 4, 7, 8, 16, 17, 46, 47], "summary": {"covered_lines": 9, "num_statements": 9, "percent_covered": 100.0, "percent_covered_display": "100", "missing_lines": 0, "excluded_lines": 0, "percent_statements_covered": 100.0, "percent_statements_covered_display": "100"}, "missing_lines": [], "excluded_lines": [], "start_line": 1}}, "classes": {"": {"executed_lines": [1, 2, 4, 7, 8, 9, 10, 13, 16, 17, 18, 19, 20, 21, 23, 24, 26, 29, 34, 35, 39, 40, 41, 46, 47], "summary": {"covered_lines": 25, "num_statements": 39, "percent_covered": 64.1025641025641, "percent_covered_display": "64", "missing_lines": 14, "excluded_lines": 0, "percent_statements_covered": 64.1025641025641, "percent_statements_covered_display": "64"}, "missing_lines": [25, 27, 30, 31, 32, 43, 48, 51, 55, 56, 57, 60, 66, 72], "excluded_lines": [], "start_line": 1}}}}, "totals": {"covered_lines": 252, "num_statements": 322, "percent_covered": 78.26086956521739, "percent_covered_display": "78", "missing_lines": 70, "excluded_lines": 0, "percent_statements_covered": 78.26086956521739, "percent_statements_covered_display": "78"}}